<?xml version="1.0" encoding="UTF-8"?>
<!-- Generated by org.testng.reporters.JUnitReportReporter -->
<testsuite skipped="0" hostname="Alehs-MBP-2.minsk.epam.com" name="com.epam.webservices.training.tests.RestTemplDemoTest" tests="3" failures="0" timestamp="21 Aug 2018 10:56:05 GMT" time="0.344" errors="0">
  <testcase name="checkResponseBody" time="0.010" classname="com.epam.webservices.training.tests.RestTemplDemoTest"/>
  <testcase name="checkStatusCode" time="0.033" classname="com.epam.webservices.training.tests.RestTemplDemoTest"/>
  <testcase name="checkResponseHeader" time="0.301" classname="com.epam.webservices.training.tests.RestTemplDemoTest"/>
</testsuite> <!-- com.epam.webservices.training.tests.RestTemplDemoTest -->
