<?xml version="1.0" encoding="UTF-8"?>
<!-- Generated by org.testng.reporters.JUnitReportReporter -->
<testsuite skipped="0" hostname="Alehs-MBP-2.minsk.epam.com" name="com.epam.webservices.training.tests.RestAssuredDemoTest" tests="3" failures="0" timestamp="21 Aug 2018 10:58:12 GMT" time="1.065" errors="0">
  <testcase name="checkResponseHeader" time="0.069" classname="com.epam.webservices.training.tests.RestAssuredDemoTest"/>
  <testcase name="checkStatusCode" time="0.061" classname="com.epam.webservices.training.tests.RestAssuredDemoTest"/>
  <testcase name="checkResponseBody" time="0.935" classname="com.epam.webservices.training.tests.RestAssuredDemoTest"/>
</testsuite> <!-- com.epam.webservices.training.tests.RestAssuredDemoTest -->
